[DEBUG] 2023-09-26 23:54:19.884 [main] InternalLoggerFactory - Using Log4J2 as the default logging framework
[DEBUG] 2023-09-26 23:54:19.908 [main] ResourceLeakDetector - -Dio.netty.leakDetection.level: simple
[DEBUG] 2023-09-26 23:54:19.908 [main] ResourceLeakDetector - -Dio.netty.leakDetection.targetRecords: 4
[DEBUG] 2023-09-26 23:54:19.914 [main] ResourceLeakDetectorFactory - Loaded default ResourceLeakDetector: io.netty.util.ResourceLeakDetector@6ef7623
[DEBUG] 2023-09-26 23:54:19.946 [main] PlatformDependent0 - -Dio.netty.noUnsafe: false
[DEBUG] 2023-09-26 23:54:19.946 [main] PlatformDependent0 - Java version: 20
[DEBUG] 2023-09-26 23:54:19.948 [main] PlatformDependent0 - sun.misc.Unsafe.theUnsafe: available
[DEBUG] 2023-09-26 23:54:19.949 [main] PlatformDependent0 - sun.misc.Unsafe.copyMemory: available
[DEBUG] 2023-09-26 23:54:19.949 [main] PlatformDependent0 - sun.misc.Unsafe.storeFence: available
[DEBUG] 2023-09-26 23:54:19.950 [main] PlatformDependent0 - java.nio.Buffer.address: available
[DEBUG] 2023-09-26 23:54:19.951 [main] PlatformDependent0 - direct buffer constructor: unavailable: Reflective setAccessible(true) disabled
[DEBUG] 2023-09-26 23:54:19.952 [main] PlatformDependent0 - java.nio.Bits.unaligned: available, true
[DEBUG] 2023-09-26 23:54:19.954 [main] PlatformDependent0 - jdk.internal.misc.Unsafe.allocateUninitializedArray(int): unavailable: class io.netty.util.internal.PlatformDependent0$7 cannot access class jdk.internal.misc.Unsafe (in module java.base) because module java.base does not export jdk.internal.misc to unnamed module @5f71c76a
[DEBUG] 2023-09-26 23:54:19.956 [main] PlatformDependent0 - java.nio.DirectByteBuffer.<init>(long, {int,long}): unavailable
[DEBUG] 2023-09-26 23:54:19.957 [main] PlatformDependent - sun.misc.Unsafe: available
[DEBUG] 2023-09-26 23:54:19.958 [main] PlatformDependent - maxDirectMemory: 2086666240 bytes (maybe)
[DEBUG] 2023-09-26 23:54:19.958 [main] PlatformDependent - -Dio.netty.tmpdir: C:\Users\ctawade\AppData\Local\Temp (java.io.tmpdir)
[DEBUG] 2023-09-26 23:54:19.958 [main] PlatformDependent - -Dio.netty.bitMode: 64 (sun.arch.data.model)
[DEBUG] 2023-09-26 23:54:19.959 [main] PlatformDependent - Platform: Windows
[DEBUG] 2023-09-26 23:54:19.960 [main] PlatformDependent - -Dio.netty.maxDirectMemory: -1 bytes
[DEBUG] 2023-09-26 23:54:19.960 [main] PlatformDependent - -Dio.netty.uninitializedArrayAllocationThreshold: -1
[DEBUG] 2023-09-26 23:54:19.962 [main] CleanerJava9 - java.nio.ByteBuffer.cleaner(): available
[DEBUG] 2023-09-26 23:54:19.962 [main] PlatformDependent - -Dio.netty.noPreferDirect: false
[DEBUG] 2023-09-26 23:54:19.971 [main] PlatformDependent - org.jctools-core.MpscChunkedArrayQueue: available
[DEBUG] 2023-09-26 23:54:19.992 [main] InternalThreadLocalMap - -Dio.netty.threadLocalMap.stringBuilder.initialSize: 1024
[DEBUG] 2023-09-26 23:54:19.992 [main] InternalThreadLocalMap - -Dio.netty.threadLocalMap.stringBuilder.maxSize: 4096
[DEBUG] 2023-09-26 23:54:20.226 [main] JdkSslContext - Default protocols (JDK): [TLSv1.3, TLSv1.2] 
[DEBUG] 2023-09-26 23:54:20.226 [main] JdkSslContext - Default cipher suites (JDK): [TLS_ECDHE_ECDSA_WITH_AES_256_GCM_SHA384, TLS_ECDHE_ECDSA_WITH_AES_128_GCM_SHA256, TLS_ECDHE_RSA_WITH_AES_128_GCM_SHA256, TLS_ECDHE_RSA_WITH_AES_256_GCM_SHA384, TLS_ECDHE_RSA_WITH_AES_128_CBC_SHA, TLS_ECDHE_RSA_WITH_AES_256_CBC_SHA, TLS_RSA_WITH_AES_128_GCM_SHA256, TLS_RSA_WITH_AES_128_CBC_SHA, TLS_RSA_WITH_AES_256_CBC_SHA, TLS_AES_128_GCM_SHA256, TLS_AES_256_GCM_SHA384]
[DEBUG] 2023-09-26 23:54:20.247 [main] GlobalEventExecutor - -Dio.netty.globalEventExecutor.quietPeriodSeconds: 1
[DEBUG] 2023-09-26 23:54:20.273 [main] MultithreadEventLoopGroup - -Dio.netty.eventLoopThreads: 16
[DEBUG] 2023-09-26 23:54:30.490 [main] InternalLoggerFactory - Using Log4J2 as the default logging framework
[DEBUG] 2023-09-26 23:54:30.509 [main] ResourceLeakDetector - -Dio.netty.leakDetection.level: simple
[DEBUG] 2023-09-26 23:54:30.510 [main] ResourceLeakDetector - -Dio.netty.leakDetection.targetRecords: 4
[DEBUG] 2023-09-26 23:54:30.515 [main] ResourceLeakDetectorFactory - Loaded default ResourceLeakDetector: io.netty.util.ResourceLeakDetector@2160e52a
[DEBUG] 2023-09-26 23:54:30.541 [main] PlatformDependent0 - -Dio.netty.noUnsafe: false
[DEBUG] 2023-09-26 23:54:30.541 [main] PlatformDependent0 - Java version: 20
[DEBUG] 2023-09-26 23:54:30.543 [main] PlatformDependent0 - sun.misc.Unsafe.theUnsafe: available
[DEBUG] 2023-09-26 23:54:30.544 [main] PlatformDependent0 - sun.misc.Unsafe.copyMemory: available
[DEBUG] 2023-09-26 23:54:30.546 [main] PlatformDependent0 - sun.misc.Unsafe.storeFence: available
[DEBUG] 2023-09-26 23:54:30.547 [main] PlatformDependent0 - java.nio.Buffer.address: available
[DEBUG] 2023-09-26 23:54:30.548 [main] PlatformDependent0 - direct buffer constructor: unavailable: Reflective setAccessible(true) disabled
[DEBUG] 2023-09-26 23:54:30.549 [main] PlatformDependent0 - java.nio.Bits.unaligned: available, true
[DEBUG] 2023-09-26 23:54:30.552 [main] PlatformDependent0 - jdk.internal.misc.Unsafe.allocateUninitializedArray(int): unavailable: class io.netty.util.internal.PlatformDependent0$7 cannot access class jdk.internal.misc.Unsafe (in module java.base) because module java.base does not export jdk.internal.misc to unnamed module @5f71c76a
[DEBUG] 2023-09-26 23:54:30.553 [main] PlatformDependent0 - java.nio.DirectByteBuffer.<init>(long, {int,long}): unavailable
[DEBUG] 2023-09-26 23:54:30.553 [main] PlatformDependent - sun.misc.Unsafe: available
[DEBUG] 2023-09-26 23:54:30.554 [main] PlatformDependent - maxDirectMemory: 2086666240 bytes (maybe)
[DEBUG] 2023-09-26 23:54:30.555 [main] PlatformDependent - -Dio.netty.tmpdir: C:\Users\ctawade\AppData\Local\Temp (java.io.tmpdir)
[DEBUG] 2023-09-26 23:54:30.555 [main] PlatformDependent - -Dio.netty.bitMode: 64 (sun.arch.data.model)
[DEBUG] 2023-09-26 23:54:30.555 [main] PlatformDependent - Platform: Windows
[DEBUG] 2023-09-26 23:54:30.556 [main] PlatformDependent - -Dio.netty.maxDirectMemory: -1 bytes
[DEBUG] 2023-09-26 23:54:30.557 [main] PlatformDependent - -Dio.netty.uninitializedArrayAllocationThreshold: -1
[DEBUG] 2023-09-26 23:54:30.558 [main] CleanerJava9 - java.nio.ByteBuffer.cleaner(): available
[DEBUG] 2023-09-26 23:54:30.559 [main] PlatformDependent - -Dio.netty.noPreferDirect: false
[DEBUG] 2023-09-26 23:54:30.569 [main] PlatformDependent - org.jctools-core.MpscChunkedArrayQueue: available
[DEBUG] 2023-09-26 23:54:30.586 [main] InternalThreadLocalMap - -Dio.netty.threadLocalMap.stringBuilder.initialSize: 1024
[DEBUG] 2023-09-26 23:54:30.586 [main] InternalThreadLocalMap - -Dio.netty.threadLocalMap.stringBuilder.maxSize: 4096
[DEBUG] 2023-09-26 23:54:30.798 [main] JdkSslContext - Default protocols (JDK): [TLSv1.3, TLSv1.2] 
[DEBUG] 2023-09-26 23:54:30.798 [main] JdkSslContext - Default cipher suites (JDK): [TLS_ECDHE_ECDSA_WITH_AES_256_GCM_SHA384, TLS_ECDHE_ECDSA_WITH_AES_128_GCM_SHA256, TLS_ECDHE_RSA_WITH_AES_128_GCM_SHA256, TLS_ECDHE_RSA_WITH_AES_256_GCM_SHA384, TLS_ECDHE_RSA_WITH_AES_128_CBC_SHA, TLS_ECDHE_RSA_WITH_AES_256_CBC_SHA, TLS_RSA_WITH_AES_128_GCM_SHA256, TLS_RSA_WITH_AES_128_CBC_SHA, TLS_RSA_WITH_AES_256_CBC_SHA, TLS_AES_128_GCM_SHA256, TLS_AES_256_GCM_SHA384]
[DEBUG] 2023-09-26 23:54:30.816 [main] GlobalEventExecutor - -Dio.netty.globalEventExecutor.quietPeriodSeconds: 1
[DEBUG] 2023-09-26 23:54:30.833 [main] MultithreadEventLoopGroup - -Dio.netty.eventLoopThreads: 16
[DEBUG] 2023-09-26 23:54:30.847 [main] NioEventLoop - -Dio.netty.noKeySetOptimization: false
[DEBUG] 2023-09-26 23:54:30.847 [main] NioEventLoop - -Dio.netty.selectorAutoRebuildThreshold: 512
[DEBUG] 2023-09-26 23:54:30.919 [main] PooledByteBufAllocator - -Dio.netty.allocator.numHeapArenas: 16
[DEBUG] 2023-09-26 23:54:30.919 [main] PooledByteBufAllocator - -Dio.netty.allocator.numDirectArenas: 16
[DEBUG] 2023-09-26 23:54:30.919 [main] PooledByteBufAllocator - -Dio.netty.allocator.pageSize: 8192
[DEBUG] 2023-09-26 23:54:30.919 [main] PooledByteBufAllocator - -Dio.netty.allocator.maxOrder: 9
[DEBUG] 2023-09-26 23:54:30.919 [main] PooledByteBufAllocator - -Dio.netty.allocator.chunkSize: 4194304
[DEBUG] 2023-09-26 23:54:30.920 [main] PooledByteBufAllocator - -Dio.netty.allocator.smallCacheSize: 256
[DEBUG] 2023-09-26 23:54:30.920 [main] PooledByteBufAllocator - -Dio.netty.allocator.normalCacheSize: 64
[DEBUG] 2023-09-26 23:54:30.920 [main] PooledByteBufAllocator - -Dio.netty.allocator.maxCachedBufferCapacity: 32768
[DEBUG] 2023-09-26 23:54:30.920 [main] PooledByteBufAllocator - -Dio.netty.allocator.cacheTrimInterval: 8192
[DEBUG] 2023-09-26 23:54:30.920 [main] PooledByteBufAllocator - -Dio.netty.allocator.cacheTrimIntervalMillis: 0
[DEBUG] 2023-09-26 23:54:30.920 [main] PooledByteBufAllocator - -Dio.netty.allocator.useCacheForAllThreads: false
[DEBUG] 2023-09-26 23:54:30.920 [main] PooledByteBufAllocator - -Dio.netty.allocator.maxCachedByteBuffersPerChunk: 1023
[DEBUG] 2023-09-26 23:54:30.932 [main] ByteBufUtil - -Dio.netty.allocator.type: pooled
[DEBUG] 2023-09-26 23:54:30.932 [main] ByteBufUtil - -Dio.netty.threadLocalDirectBufferSize: 0
[DEBUG] 2023-09-26 23:54:30.933 [main] ByteBufUtil - -Dio.netty.maxThreadLocalCharBufferSize: 16384
[DEBUG] 2023-09-26 23:54:31.512 [Forwarding newSession on session null to remote] DefaultChannelId - -Dio.netty.processId: 11952 (auto-detected)
[DEBUG] 2023-09-26 23:54:31.516 [Forwarding newSession on session null to remote] NetUtil - -Djava.net.preferIPv4Stack: false
[DEBUG] 2023-09-26 23:54:31.516 [Forwarding newSession on session null to remote] NetUtil - -Djava.net.preferIPv6Addresses: false
[DEBUG] 2023-09-26 23:54:31.542 [Forwarding newSession on session null to remote] NetUtilInitializations - Loopback interface: lo (Software Loopback Interface 1, 127.0.0.1)
[DEBUG] 2023-09-26 23:54:31.544 [Forwarding newSession on session null to remote] NetUtil - Failed to get SOMAXCONN from sysctl and file \proc\sys\net\core\somaxconn. Default: 200
[DEBUG] 2023-09-26 23:54:31.575 [Forwarding newSession on session null to remote] DefaultChannelId - -Dio.netty.machineId: d4:1b:81:ff:fe:13:64:9f (auto-detected)
[DEBUG] 2023-09-26 23:54:31.672 [AsyncHttpClient-1-2] AbstractByteBuf - -Dio.netty.buffer.checkAccessible: true
[DEBUG] 2023-09-26 23:54:31.673 [AsyncHttpClient-1-2] AbstractByteBuf - -Dio.netty.buffer.checkBounds: true
[DEBUG] 2023-09-26 23:54:31.673 [AsyncHttpClient-1-2] ResourceLeakDetectorFactory - Loaded default ResourceLeakDetector: io.netty.util.ResourceLeakDetector@1c019783
[DEBUG] 2023-09-26 23:54:31.735 [AsyncHttpClient-1-2] Recycler - -Dio.netty.recycler.maxCapacityPerThread: 4096
[DEBUG] 2023-09-26 23:54:31.736 [AsyncHttpClient-1-2] Recycler - -Dio.netty.recycler.ratio: 8
[DEBUG] 2023-09-26 23:54:31.736 [AsyncHttpClient-1-2] Recycler - -Dio.netty.recycler.chunkSize: 32
[DEBUG] 2023-09-26 23:54:31.736 [AsyncHttpClient-1-2] Recycler - -Dio.netty.recycler.blocking: false
[DEBUG] 2023-09-26 23:54:31.736 [AsyncHttpClient-1-2] Recycler - -Dio.netty.recycler.batchFastThreadLocalOnly: true
[DEBUG] 2023-09-26 23:54:32.812 [AsyncHttpClient-1-2] Brotli - brotli4j not in the classpath; Brotli support will be unavailable.
[DEBUG] 2023-09-26 23:54:33.023 [main] ThreadLocalRandom - -Dio.netty.initialSeedUniquifier: 0x4c458ca67ff6c49a
[INFO ] 2023-09-26 23:54:36.494 [main] Footer_Information_Actions - ------------Openeing Sitemap----------------
[INFO ] 2023-09-26 23:54:42.756 [main] Footer_Information_Actions - ------------Openeing Shipping And Returns----------------
[INFO ] 2023-09-26 23:54:48.122 [main] Footer_Information_Actions - ------------Openeing Privacy Notice----------------
[INFO ] 2023-09-26 23:54:55.994 [main] Footer_Information_Actions - ------------Openeing Conditions of Use Page----------------
[INFO ] 2023-09-26 23:55:02.377 [main] Footer_Information_Actions - ------------Openeing About Us----------------
[INFO ] 2023-09-26 23:55:08.409 [main] Footer_Information_Actions - ------------Openeing Contact Us----------------
[DEBUG] 2023-09-26 23:58:20.678 [main] InternalLoggerFactory - Using Log4J2 as the default logging framework
[DEBUG] 2023-09-26 23:58:20.693 [main] ResourceLeakDetector - -Dio.netty.leakDetection.level: simple
[DEBUG] 2023-09-26 23:58:20.694 [main] ResourceLeakDetector - -Dio.netty.leakDetection.targetRecords: 4
[DEBUG] 2023-09-26 23:58:20.699 [main] ResourceLeakDetectorFactory - Loaded default ResourceLeakDetector: io.netty.util.ResourceLeakDetector@2160e52a
[DEBUG] 2023-09-26 23:58:20.719 [main] PlatformDependent0 - -Dio.netty.noUnsafe: false
[DEBUG] 2023-09-26 23:58:20.719 [main] PlatformDependent0 - Java version: 20
[DEBUG] 2023-09-26 23:58:20.720 [main] PlatformDependent0 - sun.misc.Unsafe.theUnsafe: available
[DEBUG] 2023-09-26 23:58:20.721 [main] PlatformDependent0 - sun.misc.Unsafe.copyMemory: available
[DEBUG] 2023-09-26 23:58:20.721 [main] PlatformDependent0 - sun.misc.Unsafe.storeFence: available
[DEBUG] 2023-09-26 23:58:20.722 [main] PlatformDependent0 - java.nio.Buffer.address: available
[DEBUG] 2023-09-26 23:58:20.723 [main] PlatformDependent0 - direct buffer constructor: unavailable: Reflective setAccessible(true) disabled
[DEBUG] 2023-09-26 23:58:20.724 [main] PlatformDependent0 - java.nio.Bits.unaligned: available, true
[DEBUG] 2023-09-26 23:58:20.725 [main] PlatformDependent0 - jdk.internal.misc.Unsafe.allocateUninitializedArray(int): unavailable: class io.netty.util.internal.PlatformDependent0$7 cannot access class jdk.internal.misc.Unsafe (in module java.base) because module java.base does not export jdk.internal.misc to unnamed module @5f71c76a
[DEBUG] 2023-09-26 23:58:20.726 [main] PlatformDependent0 - java.nio.DirectByteBuffer.<init>(long, {int,long}): unavailable
[DEBUG] 2023-09-26 23:58:20.726 [main] PlatformDependent - sun.misc.Unsafe: available
[DEBUG] 2023-09-26 23:58:20.727 [main] PlatformDependent - maxDirectMemory: 2086666240 bytes (maybe)
[DEBUG] 2023-09-26 23:58:20.727 [main] PlatformDependent - -Dio.netty.tmpdir: C:\Users\ctawade\AppData\Local\Temp (java.io.tmpdir)
[DEBUG] 2023-09-26 23:58:20.728 [main] PlatformDependent - -Dio.netty.bitMode: 64 (sun.arch.data.model)
[DEBUG] 2023-09-26 23:58:20.728 [main] PlatformDependent - Platform: Windows
[DEBUG] 2023-09-26 23:58:20.729 [main] PlatformDependent - -Dio.netty.maxDirectMemory: -1 bytes
[DEBUG] 2023-09-26 23:58:20.729 [main] PlatformDependent - -Dio.netty.uninitializedArrayAllocationThreshold: -1
[DEBUG] 2023-09-26 23:58:20.731 [main] CleanerJava9 - java.nio.ByteBuffer.cleaner(): available
[DEBUG] 2023-09-26 23:58:20.731 [main] PlatformDependent - -Dio.netty.noPreferDirect: false
[DEBUG] 2023-09-26 23:58:20.740 [main] PlatformDependent - org.jctools-core.MpscChunkedArrayQueue: available
[DEBUG] 2023-09-26 23:58:20.760 [main] InternalThreadLocalMap - -Dio.netty.threadLocalMap.stringBuilder.initialSize: 1024
[DEBUG] 2023-09-26 23:58:20.760 [main] InternalThreadLocalMap - -Dio.netty.threadLocalMap.stringBuilder.maxSize: 4096
[DEBUG] 2023-09-26 23:58:21.026 [main] JdkSslContext - Default protocols (JDK): [TLSv1.3, TLSv1.2] 
[DEBUG] 2023-09-26 23:58:21.027 [main] JdkSslContext - Default cipher suites (JDK): [TLS_ECDHE_ECDSA_WITH_AES_256_GCM_SHA384, TLS_ECDHE_ECDSA_WITH_AES_128_GCM_SHA256, TLS_ECDHE_RSA_WITH_AES_128_GCM_SHA256, TLS_ECDHE_RSA_WITH_AES_256_GCM_SHA384, TLS_ECDHE_RSA_WITH_AES_128_CBC_SHA, TLS_ECDHE_RSA_WITH_AES_256_CBC_SHA, TLS_RSA_WITH_AES_128_GCM_SHA256, TLS_RSA_WITH_AES_128_CBC_SHA, TLS_RSA_WITH_AES_256_CBC_SHA, TLS_AES_128_GCM_SHA256, TLS_AES_256_GCM_SHA384]
[DEBUG] 2023-09-26 23:58:21.065 [main] GlobalEventExecutor - -Dio.netty.globalEventExecutor.quietPeriodSeconds: 1
[DEBUG] 2023-09-26 23:58:21.103 [main] MultithreadEventLoopGroup - -Dio.netty.eventLoopThreads: 16
[DEBUG] 2023-09-26 23:58:21.126 [main] NioEventLoop - -Dio.netty.noKeySetOptimization: false
[DEBUG] 2023-09-26 23:58:21.126 [main] NioEventLoop - -Dio.netty.selectorAutoRebuildThreshold: 512
[DEBUG] 2023-09-26 23:58:21.230 [main] PooledByteBufAllocator - -Dio.netty.allocator.numHeapArenas: 16
[DEBUG] 2023-09-26 23:58:21.230 [main] PooledByteBufAllocator - -Dio.netty.allocator.numDirectArenas: 16
[DEBUG] 2023-09-26 23:58:21.230 [main] PooledByteBufAllocator - -Dio.netty.allocator.pageSize: 8192
[DEBUG] 2023-09-26 23:58:21.230 [main] PooledByteBufAllocator - -Dio.netty.allocator.maxOrder: 9
[DEBUG] 2023-09-26 23:58:21.231 [main] PooledByteBufAllocator - -Dio.netty.allocator.chunkSize: 4194304
[DEBUG] 2023-09-26 23:58:21.231 [main] PooledByteBufAllocator - -Dio.netty.allocator.smallCacheSize: 256
[DEBUG] 2023-09-26 23:58:21.231 [main] PooledByteBufAllocator - -Dio.netty.allocator.normalCacheSize: 64
[DEBUG] 2023-09-26 23:58:21.231 [main] PooledByteBufAllocator - -Dio.netty.allocator.maxCachedBufferCapacity: 32768
[DEBUG] 2023-09-26 23:58:21.231 [main] PooledByteBufAllocator - -Dio.netty.allocator.cacheTrimInterval: 8192
[DEBUG] 2023-09-26 23:58:21.231 [main] PooledByteBufAllocator - -Dio.netty.allocator.cacheTrimIntervalMillis: 0
[DEBUG] 2023-09-26 23:58:21.231 [main] PooledByteBufAllocator - -Dio.netty.allocator.useCacheForAllThreads: false
[DEBUG] 2023-09-26 23:58:21.231 [main] PooledByteBufAllocator - -Dio.netty.allocator.maxCachedByteBuffersPerChunk: 1023
[DEBUG] 2023-09-26 23:58:21.249 [main] ByteBufUtil - -Dio.netty.allocator.type: pooled
[DEBUG] 2023-09-26 23:58:21.249 [main] ByteBufUtil - -Dio.netty.threadLocalDirectBufferSize: 0
[DEBUG] 2023-09-26 23:58:21.249 [main] ByteBufUtil - -Dio.netty.maxThreadLocalCharBufferSize: 16384
[DEBUG] 2023-09-26 23:58:21.764 [Forwarding newSession on session null to remote] DefaultChannelId - -Dio.netty.processId: 4120 (auto-detected)
[DEBUG] 2023-09-26 23:58:21.767 [Forwarding newSession on session null to remote] NetUtil - -Djava.net.preferIPv4Stack: false
[DEBUG] 2023-09-26 23:58:21.767 [Forwarding newSession on session null to remote] NetUtil - -Djava.net.preferIPv6Addresses: false
[DEBUG] 2023-09-26 23:58:21.785 [Forwarding newSession on session null to remote] NetUtilInitializations - Loopback interface: lo (Software Loopback Interface 1, 127.0.0.1)
[DEBUG] 2023-09-26 23:58:21.785 [Forwarding newSession on session null to remote] NetUtil - Failed to get SOMAXCONN from sysctl and file \proc\sys\net\core\somaxconn. Default: 200
[DEBUG] 2023-09-26 23:58:21.801 [Forwarding newSession on session null to remote] DefaultChannelId - -Dio.netty.machineId: d4:1b:81:ff:fe:13:64:9f (auto-detected)
[DEBUG] 2023-09-26 23:58:21.856 [AsyncHttpClient-1-2] AbstractByteBuf - -Dio.netty.buffer.checkAccessible: true
[DEBUG] 2023-09-26 23:58:21.857 [AsyncHttpClient-1-2] AbstractByteBuf - -Dio.netty.buffer.checkBounds: true
[DEBUG] 2023-09-26 23:58:21.857 [AsyncHttpClient-1-2] ResourceLeakDetectorFactory - Loaded default ResourceLeakDetector: io.netty.util.ResourceLeakDetector@25f8aa36
[DEBUG] 2023-09-26 23:58:21.885 [AsyncHttpClient-1-2] Recycler - -Dio.netty.recycler.maxCapacityPerThread: 4096
[DEBUG] 2023-09-26 23:58:21.885 [AsyncHttpClient-1-2] Recycler - -Dio.netty.recycler.ratio: 8
[DEBUG] 2023-09-26 23:58:21.885 [AsyncHttpClient-1-2] Recycler - -Dio.netty.recycler.chunkSize: 32
[DEBUG] 2023-09-26 23:58:21.885 [AsyncHttpClient-1-2] Recycler - -Dio.netty.recycler.blocking: false
[DEBUG] 2023-09-26 23:58:21.885 [AsyncHttpClient-1-2] Recycler - -Dio.netty.recycler.batchFastThreadLocalOnly: true
[DEBUG] 2023-09-26 23:58:22.968 [AsyncHttpClient-1-2] Brotli - brotli4j not in the classpath; Brotli support will be unavailable.
[DEBUG] 2023-09-26 23:58:23.184 [main] ThreadLocalRandom - -Dio.netty.initialSeedUniquifier: 0x062378268b927c57
[INFO ] 2023-09-26 23:58:26.631 [main] Footer_Information_Actions - ------------Openeing Sitemap----------------
[INFO ] 2023-09-26 23:58:32.402 [main] Footer_Information_Actions - ------------Openeing Shipping And Returns----------------
[INFO ] 2023-09-26 23:58:38.174 [main] Footer_Information_Actions - ------------Openeing Privacy Notice----------------
[INFO ] 2023-09-26 23:58:44.529 [main] Footer_Information_Actions - ------------Openeing Conditions of Use Page----------------
[INFO ] 2023-09-26 23:58:50.691 [main] Footer_Information_Actions - ------------Openeing About Us----------------
[INFO ] 2023-09-26 23:58:56.577 [main] Footer_Information_Actions - ------------Openeing Contact Us----------------
